<?xml version="1.0" encoding="UTF-8"?>
<testng-results ignored="0" total="2" passed="2" failed="0" skipped="0">
  <reporter-output>
  </reporter-output>
  <suite started-at="2023-07-04T11:49:06 CDT" name="Default suite" finished-at="2023-07-04T11:49:19 CDT" duration-ms="13020">
    <groups>
    </groups>
    <test started-at="2023-07-04T11:49:06 CDT" name="Default test" finished-at="2023-07-04T11:49:19 CDT" duration-ms="13020">
      <class name="variousConcepts.TestClass">
        <test-method is-config="true" signature="readConfig()[pri:0, instance:variousConcepts.TestClass@27406a17]" started-at="2023-07-04T11:49:06 CDT" name="readConfig" finished-at="2023-07-04T11:49:06 CDT" duration-ms="56" status="PASS">
          <reporter-output>
          </reporter-output>
        </test-method> <!-- readConfig -->
        <test-method is-config="true" signature="init()[pri:0, instance:variousConcepts.TestClass@27406a17]" started-at="2023-07-04T11:49:06 CDT" name="init" finished-at="2023-07-04T11:49:11 CDT" duration-ms="4663" status="PASS">
          <reporter-output>
          </reporter-output>
        </test-method> <!-- init -->
        <test-method signature="login()[pri:1, instance:variousConcepts.TestClass@27406a17]" started-at="2023-07-04T11:49:11 CDT" name="login" finished-at="2023-07-04T11:49:12 CDT" duration-ms="1118" status="PASS">
          <reporter-output>
          </reporter-output>
        </test-method> <!-- login -->
        <test-method is-config="true" signature="init()[pri:0, instance:variousConcepts.TestClass@27406a17]" started-at="2023-07-04T11:49:12 CDT" name="init" finished-at="2023-07-04T11:49:14 CDT" duration-ms="2279" status="PASS">
          <reporter-output>
          </reporter-output>
        </test-method> <!-- init -->
        <test-method signature="addCustomer()[pri:2, instance:variousConcepts.TestClass@27406a17]" started-at="2023-07-04T11:49:14 CDT" name="addCustomer" finished-at="2023-07-04T11:49:19 CDT" duration-ms="4913" status="PASS">
          <reporter-output>
          </reporter-output>
        </test-method> <!-- addCustomer -->
      </class> <!-- variousConcepts.TestClass -->
    </test> <!-- Default test -->
  </suite> <!-- Default suite -->
</testng-results>
